<?xml version="1.0" encoding="UTF-8"?>
<!-- Generated by org.testng.reporters.JUnitReportReporter -->
<testsuite hostname="DESKTOP-4OI215H" failures="0" tests="2" name="base.BaseTest" time="39.106" errors="0" timestamp="2024-07-09T10:35:56 IST" skipped="0">
  <testcase classname="base.BaseTest" name="ValidFavv" time="37.305"/>
  <testcase classname="base.BaseTest" name="assetCheck" time="1.801"/>
</testsuite> <!-- base.BaseTest -->
